d:\an3\sem1\scs\8086simulator\8086simulator\x64\debug\vc143.pdb
d:\an3\sem1\scs\8086simulator\8086simulator\x64\debug\vc143.idb
d:\an3\sem1\scs\8086simulator\8086simulator\x64\debug\imgui_widgets.obj
d:\an3\sem1\scs\8086simulator\8086simulator\x64\debug\imgui_tables.obj
d:\an3\sem1\scs\8086simulator\8086simulator\x64\debug\imgui_impl_opengl3.obj
d:\an3\sem1\scs\8086simulator\8086simulator\x64\debug\imgui_impl_glfw.obj
d:\an3\sem1\scs\8086simulator\8086simulator\x64\debug\imgui_draw.obj
d:\an3\sem1\scs\8086simulator\8086simulator\x64\debug\imgui_demo.obj
d:\an3\sem1\scs\8086simulator\8086simulator\x64\debug\imgui.obj
d:\an3\sem1\scs\8086simulator\8086simulator\x64\debug\glad.obj
d:\an3\sem1\scs\8086simulator\8086simulator\x64\debug\simulator.obj
d:\an3\sem1\scs\8086simulator\8086simulator\x64\debug\cpu.obj
d:\an3\sem1\scs\8086simulator\x64\debug\8086simulator.exe
d:\an3\sem1\scs\8086simulator\x64\debug\8086simulator.pdb
d:\an3\sem1\scs\8086simulator\8086simulator\x64\debug\8086simulator.ilk
d:\an3\sem1\scs\8086simulator\8086simulator\x64\debug\main.obj
d:\an3\sem1\scs\8086simulator\8086simulator\x64\debug\8086simulator.tlog\cl.command.1.tlog
d:\an3\sem1\scs\8086simulator\8086simulator\x64\debug\8086simulator.tlog\cl.items.tlog
d:\an3\sem1\scs\8086simulator\8086simulator\x64\debug\8086simulator.tlog\cl.read.1.tlog
d:\an3\sem1\scs\8086simulator\8086simulator\x64\debug\8086simulator.tlog\cl.write.1.tlog
d:\an3\sem1\scs\8086simulator\8086simulator\x64\debug\8086simulator.tlog\link.command.1.tlog
d:\an3\sem1\scs\8086simulator\8086simulator\x64\debug\8086simulator.tlog\link.read.1.tlog
d:\an3\sem1\scs\8086simulator\8086simulator\x64\debug\8086simulator.tlog\link.secondary.1.tlog
d:\an3\sem1\scs\8086simulator\8086simulator\x64\debug\8086simulator.tlog\link.write.1.tlog
